[2023-11-19 05:03:39] production.ERROR: SQLSTATE[HY000] [1045] Access denied for user 'forge'@'localhost' (using password: NO) (SQL: select * from `general_settings` limit 1) {"exception":"[object] (Illuminate\\Database\\QueryException(code: 1045): SQLSTATE[HY000] [1045] Access denied for user 'forge'@'localhost' (using password: NO) (SQL: select * from `general_settings` limit 1) at C:\\Users\\Junaid Ali\\Desktop\\www\\invest4sale\\core\\vendor\\laravel\\framework\\src\\Illuminate\\Database\\Connection.php:712)
[stacktrace]
#0 C:\\Users\\Junaid Ali\\Desktop\\www\\invest4sale\\core\\vendor\\laravel\\framework\\src\\Illuminate\\Database\\Connection.php(672): Illuminate\\Database\\Connection->runQueryCallback('select * from `...', Array, Object(Closure))
#1 C:\\Users\\Junaid Ali\\Desktop\\www\\invest4sale\\core\\vendor\\laravel\\framework\\src\\Illuminate\\Database\\Connection.php(376): Illuminate\\Database\\Connection->run('select * from `...', Array, Object(Closure))
#2 C:\\Users\\Junaid Ali\\Desktop\\www\\invest4sale\\core\\vendor\\laravel\\framework\\src\\Illuminate\\Database\\Query\\Builder.php(2414): Illuminate\\Database\\Connection->select('select * from `...', Array, true)
#3 C:\\Users\\Junaid Ali\\Desktop\\www\\invest4sale\\core\\vendor\\laravel\\framework\\src\\Illuminate\\Database\\Query\\Builder.php(2402): Illuminate\\Database\\Query\\Builder->runSelect()
#4 C:\\Users\\Junaid Ali\\Desktop\\www\\invest4sale\\core\\vendor\\laravel\\framework\\src\\Illuminate\\Database\\Query\\Builder.php(2936): Illuminate\\Database\\Query\\Builder->Illuminate\\Database\\Query\\{closure}()
#5 C:\\Users\\Junaid Ali\\Desktop\\www\\invest4sale\\core\\vendor\\laravel\\framework\\src\\Illuminate\\Database\\Query\\Builder.php(2403): Illuminate\\Database\\Query\\Builder->onceWithColumns(Array, Object(Closure))
#6 C:\\Users\\Junaid Ali\\Desktop\\www\\invest4sale\\core\\vendor\\laravel\\framework\\src\\Illuminate\\Database\\Eloquent\\Builder.php(625): Illuminate\\Database\\Query\\Builder->get(Array)
#7 C:\\Users\\Junaid Ali\\Desktop\\www\\invest4sale\\core\\vendor\\laravel\\framework\\src\\Illuminate\\Database\\Eloquent\\Builder.php(609): Illuminate\\Database\\Eloquent\\Builder->getModels(Array)
#8 C:\\Users\\Junaid Ali\\Desktop\\www\\invest4sale\\core\\vendor\\laravel\\framework\\src\\Illuminate\\Database\\Concerns\\BuildsQueries.php(294): Illuminate\\Database\\Eloquent\\Builder->get(Array)
#9 C:\\Users\\Junaid Ali\\Desktop\\www\\invest4sale\\core\\vendor\\laravel\\framework\\src\\Illuminate\\Support\\Traits\\ForwardsCalls.php(23): Illuminate\\Database\\Eloquent\\Builder->first()
#10 C:\\Users\\Junaid Ali\\Desktop\\www\\invest4sale\\core\\vendor\\laravel\\framework\\src\\Illuminate\\Database\\Eloquent\\Model.php(2132): Illuminate\\Database\\Eloquent\\Model->forwardCallTo(Object(Illuminate\\Database\\Eloquent\\Builder), 'first', Array)
#11 C:\\Users\\Junaid Ali\\Desktop\\www\\invest4sale\\core\\vendor\\laravel\\framework\\src\\Illuminate\\Database\\Eloquent\\Model.php(2144): Illuminate\\Database\\Eloquent\\Model->__call('first', Array)
#12 C:\\Users\\Junaid Ali\\Desktop\\www\\invest4sale\\core\\app\\Providers\\AppServiceProvider.php(43): Illuminate\\Database\\Eloquent\\Model::__callStatic('first', Array)
#13 C:\\Users\\Junaid Ali\\Desktop\\www\\invest4sale\\core\\vendor\\laravel\\framework\\src\\Illuminate\\Container\\BoundMethod.php(36): App\\Providers\\AppServiceProvider->boot()
#14 C:\\Users\\Junaid Ali\\Desktop\\www\\invest4sale\\core\\vendor\\laravel\\framework\\src\\Illuminate\\Container\\Util.php(40): Illuminate\\Container\\BoundMethod::Illuminate\\Container\\{closure}()
#15 C:\\Users\\Junaid Ali\\Desktop\\www\\invest4sale\\core\\vendor\\laravel\\framework\\src\\Illuminate\\Container\\BoundMethod.php(93): Illuminate\\Container\\Util::unwrapIfClosure(Object(Closure))
#16 C:\\Users\\Junaid Ali\\Desktop\\www\\invest4sale\\core\\vendor\\laravel\\framework\\src\\Illuminate\\Container\\BoundMethod.php(37): Illuminate\\Container\\BoundMethod::callBoundMethod(Object(Illuminate\\Foundation\\Application), Array, Object(Closure))
#17 C:\\Users\\Junaid Ali\\Desktop\\www\\invest4sale\\core\\vendor\\laravel\\framework\\src\\Illuminate\\Container\\Container.php(653): Illuminate\\Container\\BoundMethod::call(Object(Illuminate\\Foundation\\Application), Array, Array, NULL)
#18 C:\\Users\\Junaid Ali\\Desktop\\www\\invest4sale\\core\\vendor\\laravel\\framework\\src\\Illuminate\\Foundation\\Application.php(924): Illuminate\\Container\\Container->call(Array)
#19 C:\\Users\\Junaid Ali\\Desktop\\www\\invest4sale\\core\\vendor\\laravel\\framework\\src\\Illuminate\\Foundation\\Application.php(905): Illuminate\\Foundation\\Application->bootProvider(Object(App\\Providers\\AppServiceProvider))
#20 [internal function]: Illuminate\\Foundation\\Application->Illuminate\\Foundation\\{closure}(Object(App\\Providers\\AppServiceProvider), 31)
#21 C:\\Users\\Junaid Ali\\Desktop\\www\\invest4sale\\core\\vendor\\laravel\\framework\\src\\Illuminate\\Foundation\\Application.php(906): array_walk(Array, Object(Closure))
#22 C:\\Users\\Junaid Ali\\Desktop\\www\\invest4sale\\core\\vendor\\laravel\\framework\\src\\Illuminate\\Foundation\\Bootstrap\\BootProviders.php(17): Illuminate\\Foundation\\Application->boot()
#23 C:\\Users\\Junaid Ali\\Desktop\\www\\invest4sale\\core\\vendor\\laravel\\framework\\src\\Illuminate\\Foundation\\Application.php(237): Illuminate\\Foundation\\Bootstrap\\BootProviders->bootstrap(Object(Illuminate\\Foundation\\Application))
#24 C:\\Users\\Junaid Ali\\Desktop\\www\\invest4sale\\core\\vendor\\laravel\\framework\\src\\Illuminate\\Foundation\\Http\\Kernel.php(153): Illuminate\\Foundation\\Application->bootstrapWith(Array)
#25 C:\\Users\\Junaid Ali\\Desktop\\www\\invest4sale\\core\\vendor\\laravel\\framework\\src\\Illuminate\\Foundation\\Http\\Kernel.php(137): Illuminate\\Foundation\\Http\\Kernel->bootstrap()
#26 C:\\Users\\Junaid Ali\\Desktop\\www\\invest4sale\\core\\vendor\\laravel\\framework\\src\\Illuminate\\Foundation\\Http\\Kernel.php(111): Illuminate\\Foundation\\Http\\Kernel->sendRequestThroughRouter(Object(Illuminate\\Http\\Request))
#27 C:\\Users\\Junaid Ali\\Desktop\\www\\invest4sale\\index.php(59): Illuminate\\Foundation\\Http\\Kernel->handle(Object(Illuminate\\Http\\Request))
#28 {main}

[previous exception] [object] (PDOException(code: 1045): SQLSTATE[HY000] [1045] Access denied for user 'forge'@'localhost' (using password: NO) at C:\\Users\\Junaid Ali\\Desktop\\www\\invest4sale\\core\\vendor\\laravel\\framework\\src\\Illuminate\\Database\\Connectors\\Connector.php:70)
[stacktrace]
#0 C:\\Users\\Junaid Ali\\Desktop\\www\\invest4sale\\core\\vendor\\laravel\\framework\\src\\Illuminate\\Database\\Connectors\\Connector.php(70): PDO->__construct('mysql:host=127....', 'forge', '', Array)
#1 C:\\Users\\Junaid Ali\\Desktop\\www\\invest4sale\\core\\vendor\\laravel\\framework\\src\\Illuminate\\Database\\Connectors\\Connector.php(46): Illuminate\\Database\\Connectors\\Connector->createPdoConnection('mysql:host=127....', 'forge', '', Array)
#2 C:\\Users\\Junaid Ali\\Desktop\\www\\invest4sale\\core\\vendor\\laravel\\framework\\src\\Illuminate\\Database\\Connectors\\MySqlConnector.php(24): Illuminate\\Database\\Connectors\\Connector->createConnection('mysql:host=127....', Array, Array)
#3 C:\\Users\\Junaid Ali\\Desktop\\www\\invest4sale\\core\\vendor\\laravel\\framework\\src\\Illuminate\\Database\\Connectors\\ConnectionFactory.php(184): Illuminate\\Database\\Connectors\\MySqlConnector->connect(Array)
#4 [internal function]: Illuminate\\Database\\Connectors\\ConnectionFactory->Illuminate\\Database\\Connectors\\{closure}()
#5 C:\\Users\\Junaid Ali\\Desktop\\www\\invest4sale\\core\\vendor\\laravel\\framework\\src\\Illuminate\\Database\\Connection.php(1064): call_user_func(Object(Closure))
#6 C:\\Users\\Junaid Ali\\Desktop\\www\\invest4sale\\core\\vendor\\laravel\\framework\\src\\Illuminate\\Database\\Connection.php(1100): Illuminate\\Database\\Connection->getPdo()
#7 C:\\Users\\Junaid Ali\\Desktop\\www\\invest4sale\\core\\vendor\\laravel\\framework\\src\\Illuminate\\Database\\Connection.php(442): Illuminate\\Database\\Connection->getReadPdo()
#8 C:\\Users\\Junaid Ali\\Desktop\\www\\invest4sale\\core\\vendor\\laravel\\framework\\src\\Illuminate\\Database\\Connection.php(368): Illuminate\\Database\\Connection->getPdoForSelect(true)
#9 C:\\Users\\Junaid Ali\\Desktop\\www\\invest4sale\\core\\vendor\\laravel\\framework\\src\\Illuminate\\Database\\Connection.php(705): Illuminate\\Database\\Connection->Illuminate\\Database\\{closure}('select * from `...', Array)
#10 C:\\Users\\Junaid Ali\\Desktop\\www\\invest4sale\\core\\vendor\\laravel\\framework\\src\\Illuminate\\Database\\Connection.php(672): Illuminate\\Database\\Connection->runQueryCallback('select * from `...', Array, Object(Closure))
#11 C:\\Users\\Junaid Ali\\Desktop\\www\\invest4sale\\core\\vendor\\laravel\\framework\\src\\Illuminate\\Database\\Connection.php(376): Illuminate\\Database\\Connection->run('select * from `...', Array, Object(Closure))
#12 C:\\Users\\Junaid Ali\\Desktop\\www\\invest4sale\\core\\vendor\\laravel\\framework\\src\\Illuminate\\Database\\Query\\Builder.php(2414): Illuminate\\Database\\Connection->select('select * from `...', Array, true)
#13 C:\\Users\\Junaid Ali\\Desktop\\www\\invest4sale\\core\\vendor\\laravel\\framework\\src\\Illuminate\\Database\\Query\\Builder.php(2402): Illuminate\\Database\\Query\\Builder->runSelect()
#14 C:\\Users\\Junaid Ali\\Desktop\\www\\invest4sale\\core\\vendor\\laravel\\framework\\src\\Illuminate\\Database\\Query\\Builder.php(2936): Illuminate\\Database\\Query\\Builder->Illuminate\\Database\\Query\\{closure}()
#15 C:\\Users\\Junaid Ali\\Desktop\\www\\invest4sale\\core\\vendor\\laravel\\framework\\src\\Illuminate\\Database\\Query\\Builder.php(2403): Illuminate\\Database\\Query\\Builder->onceWithColumns(Array, Object(Closure))
#16 C:\\Users\\Junaid Ali\\Desktop\\www\\invest4sale\\core\\vendor\\laravel\\framework\\src\\Illuminate\\Database\\Eloquent\\Builder.php(625): Illuminate\\Database\\Query\\Builder->get(Array)
#17 C:\\Users\\Junaid Ali\\Desktop\\www\\invest4sale\\core\\vendor\\laravel\\framework\\src\\Illuminate\\Database\\Eloquent\\Builder.php(609): Illuminate\\Database\\Eloquent\\Builder->getModels(Array)
#18 C:\\Users\\Junaid Ali\\Desktop\\www\\invest4sale\\core\\vendor\\laravel\\framework\\src\\Illuminate\\Database\\Concerns\\BuildsQueries.php(294): Illuminate\\Database\\Eloquent\\Builder->get(Array)
#19 C:\\Users\\Junaid Ali\\Desktop\\www\\invest4sale\\core\\vendor\\laravel\\framework\\src\\Illuminate\\Support\\Traits\\ForwardsCalls.php(23): Illuminate\\Database\\Eloquent\\Builder->first()
#20 C:\\Users\\Junaid Ali\\Desktop\\www\\invest4sale\\core\\vendor\\laravel\\framework\\src\\Illuminate\\Database\\Eloquent\\Model.php(2132): Illuminate\\Database\\Eloquent\\Model->forwardCallTo(Object(Illuminate\\Database\\Eloquent\\Builder), 'first', Array)
#21 C:\\Users\\Junaid Ali\\Desktop\\www\\invest4sale\\core\\vendor\\laravel\\framework\\src\\Illuminate\\Database\\Eloquent\\Model.php(2144): Illuminate\\Database\\Eloquent\\Model->__call('first', Array)
#22 C:\\Users\\Junaid Ali\\Desktop\\www\\invest4sale\\core\\app\\Providers\\AppServiceProvider.php(43): Illuminate\\Database\\Eloquent\\Model::__callStatic('first', Array)
#23 C:\\Users\\Junaid Ali\\Desktop\\www\\invest4sale\\core\\vendor\\laravel\\framework\\src\\Illuminate\\Container\\BoundMethod.php(36): App\\Providers\\AppServiceProvider->boot()
#24 C:\\Users\\Junaid Ali\\Desktop\\www\\invest4sale\\core\\vendor\\laravel\\framework\\src\\Illuminate\\Container\\Util.php(40): Illuminate\\Container\\BoundMethod::Illuminate\\Container\\{closure}()
#25 C:\\Users\\Junaid Ali\\Desktop\\www\\invest4sale\\core\\vendor\\laravel\\framework\\src\\Illuminate\\Container\\BoundMethod.php(93): Illuminate\\Container\\Util::unwrapIfClosure(Object(Closure))
#26 C:\\Users\\Junaid Ali\\Desktop\\www\\invest4sale\\core\\vendor\\laravel\\framework\\src\\Illuminate\\Container\\BoundMethod.php(37): Illuminate\\Container\\BoundMethod::callBoundMethod(Object(Illuminate\\Foundation\\Application), Array, Object(Closure))
#27 C:\\Users\\Junaid Ali\\Desktop\\www\\invest4sale\\core\\vendor\\laravel\\framework\\src\\Illuminate\\Container\\Container.php(653): Illuminate\\Container\\BoundMethod::call(Object(Illuminate\\Foundation\\Application), Array, Array, NULL)
#28 C:\\Users\\Junaid Ali\\Desktop\\www\\invest4sale\\core\\vendor\\laravel\\framework\\src\\Illuminate\\Foundation\\Application.php(924): Illuminate\\Container\\Container->call(Array)
#29 C:\\Users\\Junaid Ali\\Desktop\\www\\invest4sale\\core\\vendor\\laravel\\framework\\src\\Illuminate\\Foundation\\Application.php(905): Illuminate\\Foundation\\Application->bootProvider(Object(App\\Providers\\AppServiceProvider))
#30 [internal function]: Illuminate\\Foundation\\Application->Illuminate\\Foundation\\{closure}(Object(App\\Providers\\AppServiceProvider), 31)
#31 C:\\Users\\Junaid Ali\\Desktop\\www\\invest4sale\\core\\vendor\\laravel\\framework\\src\\Illuminate\\Foundation\\Application.php(906): array_walk(Array, Object(Closure))
#32 C:\\Users\\Junaid Ali\\Desktop\\www\\invest4sale\\core\\vendor\\laravel\\framework\\src\\Illuminate\\Foundation\\Bootstrap\\BootProviders.php(17): Illuminate\\Foundation\\Application->boot()
#33 C:\\Users\\Junaid Ali\\Desktop\\www\\invest4sale\\core\\vendor\\laravel\\framework\\src\\Illuminate\\Foundation\\Application.php(237): Illuminate\\Foundation\\Bootstrap\\BootProviders->bootstrap(Object(Illuminate\\Foundation\\Application))
#34 C:\\Users\\Junaid Ali\\Desktop\\www\\invest4sale\\core\\vendor\\laravel\\framework\\src\\Illuminate\\Foundation\\Http\\Kernel.php(153): Illuminate\\Foundation\\Application->bootstrapWith(Array)
#35 C:\\Users\\Junaid Ali\\Desktop\\www\\invest4sale\\core\\vendor\\laravel\\framework\\src\\Illuminate\\Foundation\\Http\\Kernel.php(137): Illuminate\\Foundation\\Http\\Kernel->bootstrap()
#36 C:\\Users\\Junaid Ali\\Desktop\\www\\invest4sale\\core\\vendor\\laravel\\framework\\src\\Illuminate\\Foundation\\Http\\Kernel.php(111): Illuminate\\Foundation\\Http\\Kernel->sendRequestThroughRouter(Object(Illuminate\\Http\\Request))
#37 C:\\Users\\Junaid Ali\\Desktop\\www\\invest4sale\\index.php(59): Illuminate\\Foundation\\Http\\Kernel->handle(Object(Illuminate\\Http\\Request))
#38 {main}
"} 
[2023-11-19 05:03:40] production.ERROR: Route [home] not defined. (View: C:\Users\Junaid Ali\Desktop\www\invest4sale\core\resources\views\errors\500.blade.php) {"view":{"view":"C:\\Users\\Junaid Ali\\Desktop\\www\\invest4sale\\core\\vendor\\laravel\\framework\\src\\Illuminate\\Routing\\UrlGenerator.php","data":[]},"exception":"[object] (Facade\\Ignition\\Exceptions\\ViewException(code: 0): Route [home] not defined. (View: C:\\Users\\Junaid Ali\\Desktop\\www\\invest4sale\\core\esources\\views\\errors\\500.blade.php) at C:\\Users\\Junaid Ali\\Desktop\\www\\invest4sale\\core\\vendor\\laravel\\framework\\src\\Illuminate\\Routing\\UrlGenerator.php:444)
[stacktrace]
#0 C:\\Users\\Junaid Ali\\Desktop\\www\\invest4sale\\core\\vendor\\laravel\\framework\\src\\Illuminate\\Foundation\\helpers.php(740): Illuminate\\Routing\\UrlGenerator->route('home', Array, true)
#1 C:\\Users\\Junaid Ali\\Desktop\\www\\invest4sale\\core\esources\\views/errors/500.blade.php(43): route('home')
#2 C:\\Users\\Junaid Ali\\Desktop\\www\\invest4sale\\core\\vendor\\laravel\\framework\\src\\Illuminate\\Filesystem\\Filesystem.php(107): require('C:\\\\Users\\\\Junaid...')
#3 C:\\Users\\Junaid Ali\\Desktop\\www\\invest4sale\\core\\vendor\\laravel\\framework\\src\\Illuminate\\Filesystem\\Filesystem.php(108): Illuminate\\Filesystem\\Filesystem::Illuminate\\Filesystem\\{closure}()
#4 C:\\Users\\Junaid Ali\\Desktop\\www\\invest4sale\\core\\vendor\\laravel\\framework\\src\\Illuminate\\View\\Engines\\PhpEngine.php(58): Illuminate\\Filesystem\\Filesystem->getRequire('C:\\\\Users\\\\Junaid...', Array)
#5 C:\\Users\\Junaid Ali\\Desktop\\www\\invest4sale\\core\\vendor\\laravel\\framework\\src\\Illuminate\\View\\Engines\\CompilerEngine.php(61): Illuminate\\View\\Engines\\PhpEngine->evaluatePath('C:\\\\Users\\\\Junaid...', Array)
#6 C:\\Users\\Junaid Ali\\Desktop\\www\\invest4sale\\core\\vendor\\facade\\ignition\\src\\Views\\Engines\\CompilerEngine.php(37): Illuminate\\View\\Engines\\CompilerEngine->get('C:\\\\Users\\\\Junaid...', Array)
#7 C:\\Users\\Junaid Ali\\Desktop\\www\\invest4sale\\core\\vendor\\laravel\\framework\\src\\Illuminate\\View\\View.php(139): Facade\\Ignition\\Views\\Engines\\CompilerEngine->get('C:\\\\Users\\\\Junaid...', Array)
#8 C:\\Users\\Junaid Ali\\Desktop\\www\\invest4sale\\core\\vendor\\laravel\\framework\\src\\Illuminate\\View\\View.php(122): Illuminate\\View\\View->getContents()
#9 C:\\Users\\Junaid Ali\\Desktop\\www\\invest4sale\\core\\vendor\\laravel\\framework\\src\\Illuminate\\View\\View.php(91): Illuminate\\View\\View->renderContents()
#10 C:\\Users\\Junaid Ali\\Desktop\\www\\invest4sale\\core\\vendor\\laravel\\framework\\src\\Illuminate\\Http\\Response.php(69): Illuminate\\View\\View->render()
#11 C:\\Users\\Junaid Ali\\Desktop\\www\\invest4sale\\core\\vendor\\laravel\\framework\\src\\Illuminate\\Http\\Response.php(35): Illuminate\\Http\\Response->setContent(Object(Illuminate\\View\\View))
#12 C:\\Users\\Junaid Ali\\Desktop\\www\\invest4sale\\core\\vendor\\laravel\\framework\\src\\Illuminate\\Routing\\ResponseFactory.php(55): Illuminate\\Http\\Response->__construct(Object(Illuminate\\View\\View), 500, Array)
#13 C:\\Users\\Junaid Ali\\Desktop\\www\\invest4sale\\core\\vendor\\laravel\\framework\\src\\Illuminate\\Routing\\ResponseFactory.php(85): Illuminate\\Routing\\ResponseFactory->make(Object(Illuminate\\View\\View), 500, Array)
#14 C:\\Users\\Junaid Ali\\Desktop\\www\\invest4sale\\core\\vendor\\laravel\\framework\\src\\Illuminate\\Foundation\\Exceptions\\Handler.php(585): Illuminate\\Routing\\ResponseFactory->view('errors::500', Array, 500, Array)
#15 C:\\Users\\Junaid Ali\\Desktop\\www\\invest4sale\\core\\vendor\\laravel\\framework\\src\\Illuminate\\Foundation\\Exceptions\\Handler.php(490): Illuminate\\Foundation\\Exceptions\\Handler->renderHttpException(Object(Symfony\\Component\\HttpKernel\\Exception\\HttpException))
#16 C:\\Users\\Junaid Ali\\Desktop\\www\\invest4sale\\core\\vendor\\laravel\\framework\\src\\Illuminate\\Foundation\\Exceptions\\Handler.php(356): Illuminate\\Foundation\\Exceptions\\Handler->prepareResponse(Object(Illuminate\\Http\\Request), Object(Symfony\\Component\\HttpKernel\\Exception\\HttpException))
#17 C:\\Users\\Junaid Ali\\Desktop\\www\\invest4sale\\core\\vendor\\laravel\\framework\\src\\Illuminate\\Foundation\\Http\\Kernel.php(427): Illuminate\\Foundation\\Exceptions\\Handler->render(Object(Illuminate\\Http\\Request), Object(Illuminate\\Database\\QueryException))
#18 C:\\Users\\Junaid Ali\\Desktop\\www\\invest4sale\\core\\vendor\\laravel\\framework\\src\\Illuminate\\Foundation\\Http\\Kernel.php(115): Illuminate\\Foundation\\Http\\Kernel->renderException(Object(Illuminate\\Http\\Request), Object(Illuminate\\Database\\QueryException))
#19 C:\\Users\\Junaid Ali\\Desktop\\www\\invest4sale\\index.php(59): Illuminate\\Foundation\\Http\\Kernel->handle(Object(Illuminate\\Http\\Request))
#20 {main}

[previous exception] [object] (Symfony\\Component\\Routing\\Exception\\RouteNotFoundException(code: 0): Route [home] not defined. at C:\\Users\\Junaid Ali\\Desktop\\www\\invest4sale\\core\\vendor\\laravel\\framework\\src\\Illuminate\\Routing\\UrlGenerator.php:444)
[stacktrace]
#0 C:\\Users\\Junaid Ali\\Desktop\\www\\invest4sale\\core\\vendor\\laravel\\framework\\src\\Illuminate\\Foundation\\helpers.php(740): Illuminate\\Routing\\UrlGenerator->route('home', Array, true)
#1 C:\\Users\\Junaid Ali\\Desktop\\www\\invest4sale\\core\\storage\\framework\\views\\82767cdc5bf6464c62a47811bbf8d14dfd827c39.php(43): route('home')
#2 C:\\Users\\Junaid Ali\\Desktop\\www\\invest4sale\\core\\vendor\\laravel\\framework\\src\\Illuminate\\Filesystem\\Filesystem.php(107): require('C:\\\\Users\\\\Junaid...')
#3 C:\\Users\\Junaid Ali\\Desktop\\www\\invest4sale\\core\\vendor\\laravel\\framework\\src\\Illuminate\\Filesystem\\Filesystem.php(108): Illuminate\\Filesystem\\Filesystem::Illuminate\\Filesystem\\{closure}()
#4 C:\\Users\\Junaid Ali\\Desktop\\www\\invest4sale\\core\\vendor\\laravel\\framework\\src\\Illuminate\\View\\Engines\\PhpEngine.php(58): Illuminate\\Filesystem\\Filesystem->getRequire('C:\\\\Users\\\\Junaid...', Array)
#5 C:\\Users\\Junaid Ali\\Desktop\\www\\invest4sale\\core\\vendor\\laravel\\framework\\src\\Illuminate\\View\\Engines\\CompilerEngine.php(61): Illuminate\\View\\Engines\\PhpEngine->evaluatePath('C:\\\\Users\\\\Junaid...', Array)
#6 C:\\Users\\Junaid Ali\\Desktop\\www\\invest4sale\\core\\vendor\\facade\\ignition\\src\\Views\\Engines\\CompilerEngine.php(37): Illuminate\\View\\Engines\\CompilerEngine->get('C:\\\\Users\\\\Junaid...', Array)
#7 C:\\Users\\Junaid Ali\\Desktop\\www\\invest4sale\\core\\vendor\\laravel\\framework\\src\\Illuminate\\View\\View.php(139): Facade\\Ignition\\Views\\Engines\\CompilerEngine->get('C:\\\\Users\\\\Junaid...', Array)
#8 C:\\Users\\Junaid Ali\\Desktop\\www\\invest4sale\\core\\vendor\\laravel\\framework\\src\\Illuminate\\View\\View.php(122): Illuminate\\View\\View->getContents()
#9 C:\\Users\\Junaid Ali\\Desktop\\www\\invest4sale\\core\\vendor\\laravel\\framework\\src\\Illuminate\\View\\View.php(91): Illuminate\\View\\View->renderContents()
#10 C:\\Users\\Junaid Ali\\Desktop\\www\\invest4sale\\core\\vendor\\laravel\\framework\\src\\Illuminate\\Http\\Response.php(69): Illuminate\\View\\View->render()
#11 C:\\Users\\Junaid Ali\\Desktop\\www\\invest4sale\\core\\vendor\\laravel\\framework\\src\\Illuminate\\Http\\Response.php(35): Illuminate\\Http\\Response->setContent(Object(Illuminate\\View\\View))
#12 C:\\Users\\Junaid Ali\\Desktop\\www\\invest4sale\\core\\vendor\\laravel\\framework\\src\\Illuminate\\Routing\\ResponseFactory.php(55): Illuminate\\Http\\Response->__construct(Object(Illuminate\\View\\View), 500, Array)
#13 C:\\Users\\Junaid Ali\\Desktop\\www\\invest4sale\\core\\vendor\\laravel\\framework\\src\\Illuminate\\Routing\\ResponseFactory.php(85): Illuminate\\Routing\\ResponseFactory->make(Object(Illuminate\\View\\View), 500, Array)
#14 C:\\Users\\Junaid Ali\\Desktop\\www\\invest4sale\\core\\vendor\\laravel\\framework\\src\\Illuminate\\Foundation\\Exceptions\\Handler.php(585): Illuminate\\Routing\\ResponseFactory->view('errors::500', Array, 500, Array)
#15 C:\\Users\\Junaid Ali\\Desktop\\www\\invest4sale\\core\\vendor\\laravel\\framework\\src\\Illuminate\\Foundation\\Exceptions\\Handler.php(490): Illuminate\\Foundation\\Exceptions\\Handler->renderHttpException(Object(Symfony\\Component\\HttpKernel\\Exception\\HttpException))
#16 C:\\Users\\Junaid Ali\\Desktop\\www\\invest4sale\\core\\vendor\\laravel\\framework\\src\\Illuminate\\Foundation\\Exceptions\\Handler.php(356): Illuminate\\Foundation\\Exceptions\\Handler->prepareResponse(Object(Illuminate\\Http\\Request), Object(Symfony\\Component\\HttpKernel\\Exception\\HttpException))
#17 C:\\Users\\Junaid Ali\\Desktop\\www\\invest4sale\\core\\vendor\\laravel\\framework\\src\\Illuminate\\Foundation\\Http\\Kernel.php(427): Illuminate\\Foundation\\Exceptions\\Handler->render(Object(Illuminate\\Http\\Request), Object(Illuminate\\Database\\QueryException))
#18 C:\\Users\\Junaid Ali\\Desktop\\www\\invest4sale\\core\\vendor\\laravel\\framework\\src\\Illuminate\\Foundation\\Http\\Kernel.php(115): Illuminate\\Foundation\\Http\\Kernel->renderException(Object(Illuminate\\Http\\Request), Object(Illuminate\\Database\\QueryException))
#19 C:\\Users\\Junaid Ali\\Desktop\\www\\invest4sale\\index.php(59): Illuminate\\Foundation\\Http\\Kernel->handle(Object(Illuminate\\Http\\Request))
#20 {main}
"} 
[2023-11-19 05:03:40] production.ERROR: Uncaught Symfony\Component\Routing\Exception\RouteNotFoundException: Route [home] not defined. in C:\Users\Junaid Ali\Desktop\www\invest4sale\core\vendor\laravel\framework\src\Illuminate\Routing\UrlGenerator.php:444
Stack trace:
#0 C:\Users\Junaid Ali\Desktop\www\invest4sale\core\vendor\laravel\framework\src\Illuminate\Foundation\helpers.php(740): Illuminate\Routing\UrlGenerator->route('home', Array, true)
#1 C:\Users\Junaid Ali\Desktop\www\invest4sale\core\storage\framework\views\82767cdc5bf6464c62a47811bbf8d14dfd827c39.php(43): route('home')
#2 C:\Users\Junaid Ali\Desktop\www\invest4sale\core\vendor\laravel\framework\src\Illuminate\Filesystem\Filesystem.php(107): require('C:\\Users\\Junaid...')
#3 C:\Users\Junaid Ali\Desktop\www\invest4sale\core\vendor\laravel\framework\src\Illuminate\Filesystem\Filesystem.php(108): Illuminate\Filesystem\Filesystem::Illuminate\Filesystem\{closure}()
#4 C:\Users\Junaid Ali\Desktop\www\invest4sale\core\vendor\laravel\framework\src\Illuminate\View\Engines\PhpEngine.php(58): Illuminate\Filesystem\Filesystem->getRequire('C:\\Users\\Junaid...', Array)
#5 C:\Users\Junaid Ali\Desktop\www\invest4sale\core\vendor\laravel\framework\src\Illuminate\View\Engines\CompilerEngine.php(61): Illuminate\View\Engines\PhpEngine->evaluatePath('C:\\Users\\Junaid...', Array)
#6 C:\Users\Junaid Ali\Desktop\www\invest4sale\core\vendor\facade\ignition\src\Views\Engines\CompilerEngine.php(37): Illuminate\View\Engines\CompilerEngine->get('C:\\Users\\Junaid...', Array)
#7 C:\Users\Junaid Ali\Desktop\www\invest4sale\core\vendor\laravel\framework\src\Illuminate\View\View.php(139): Facade\Ignition\Views\Engines\CompilerEngine->get('C:\\Users\\Junaid...', Array)
#8 C:\Users\Junaid Ali\Desktop\www\invest4sale\core\vendor\laravel\framework\src\Illuminate\View\View.php(122): Illuminate\View\View->getContents()
#9 C:\Users\Junaid Ali\Desktop\www\invest4sale\core\vendor\laravel\framework\src\Illuminate\View\View.php(91): Illuminate\View\View->renderContents()
#10 C:\Users\Junaid Ali\Desktop\www\invest4sale\core\vendor\laravel\framework\src\Illuminate\Http\Response.php(69): Illuminate\View\View->render()
#11 C:\Users\Junaid Ali\Desktop\www\invest4sale\core\vendor\laravel\framework\src\Illuminate\Http\Response.php(35): Illuminate\Http\Response->setContent(Object(Illuminate\View\View))
#12 C:\Users\Junaid Ali\Desktop\www\invest4sale\core\vendor\laravel\framework\src\Illuminate\Routing\ResponseFactory.php(55): Illuminate\Http\Response->__construct(Object(Illuminate\View\View), 500, Array)
#13 C:\Users\Junaid Ali\Desktop\www\invest4sale\core\vendor\laravel\framework\src\Illuminate\Routing\ResponseFactory.php(85): Illuminate\Routing\ResponseFactory->make(Object(Illuminate\View\View), 500, Array)
#14 C:\Users\Junaid Ali\Desktop\www\invest4sale\core\vendor\laravel\framework\src\Illuminate\Foundation\Exceptions\Handler.php(585): Illuminate\Routing\ResponseFactory->view('errors::500', Array, 500, Array)
#15 C:\Users\Junaid Ali\Desktop\www\invest4sale\core\vendor\laravel\framework\src\Illuminate\Foundation\Exceptions\Handler.php(490): Illuminate\Foundation\Exceptions\Handler->renderHttpException(Object(Symfony\Component\HttpKernel\Exception\HttpException))
#16 C:\Users\Junaid Ali\Desktop\www\invest4sale\core\vendor\laravel\framework\src\Illuminate\Foundation\Exceptions\Handler.php(356): Illuminate\Foundation\Exceptions\Handler->prepareResponse(Object(Illuminate\Http\Request), Object(Symfony\Component\HttpKernel\Exception\HttpException))
#17 C:\Users\Junaid Ali\Desktop\www\invest4sale\core\vendor\laravel\framework\src\Illuminate\Foundation\Bootstrap\HandleExceptions.php(196): Illuminate\Foundation\Exceptions\Handler->render(Object(Illuminate\Http\Request), Object(Facade\Ignition\Exceptions\ViewException))
#18 C:\Users\Junaid Ali\Desktop\www\invest4sale\core\vendor\laravel\framework\src\Illuminate\Foundation\Bootstrap\HandleExceptions.php(173): Illuminate\Foundation\Bootstrap\HandleExceptions->renderHttpResponse(Object(Facade\Ignition\Exceptions\ViewException))
#19 [internal function]: Illuminate\Foundation\Bootstrap\HandleExceptions->handleException(Object(Facade\Ignition\Exceptions\ViewException))
#20 {main}

Next Facade\Ignition\Exceptions\ViewException: Route [home] not defined. (View: C:\Users\Junaid Ali\Desktop\www\invest4sale\core\resources\views\errors\500.blade.php) in C:\Users\Junaid Ali\Desktop\www\invest4sale\core\vendor\laravel\framework\src\Illuminate\Routing\UrlGenerator.php:444
Stack trace:
#0 C:\Users\Junaid Ali\Desktop\www\invest4sale\core\vendor\laravel\framework\src\Illuminate\Foundation\helpers.php(740): Illuminate\Routing\UrlGenerator->route('home', Array, true)
#1 C:\Users\Junaid Ali\Desktop\www\invest4sale\core\resources\views/errors/500.blade.php(43): route('home')
#2 C:\Users\Junaid Ali\Desktop\www\invest4sale\core\vendor\laravel\framework\src\Illuminate\Filesystem\Filesystem.php(107): require('C:\\Users\\Junaid...')
#3 C:\Users\Junaid Ali\Desktop\www\invest4sale\core\vendor\laravel\framework\src\Illuminate\Filesystem\Filesystem.php(108): Illuminate\Filesystem\Filesystem::Illuminate\Filesystem\{closure}()
#4 C:\Users\Junaid Ali\Desktop\www\invest4sale\core\vendor\laravel\framework\src\Illuminate\View\Engines\PhpEngine.php(58): Illuminate\Filesystem\Filesystem->getRequire('C:\\Users\\Junaid...', Array)
#5 C:\Users\Junaid Ali\Desktop\www\invest4sale\core\vendor\laravel\framework\src\Illuminate\View\Engines\CompilerEngine.php(61): Illuminate\View\Engines\PhpEngine->evaluatePath('C:\\Users\\Junaid...', Array)
#6 C:\Users\Junaid Ali\Desktop\www\invest4sale\core\vendor\facade\ignition\src\Views\Engines\CompilerEngine.php(37): Illuminate\View\Engines\CompilerEngine->get('C:\\Users\\Junaid...', Array)
#7 C:\Users\Junaid Ali\Desktop\www\invest4sale\core\vendor\laravel\framework\src\Illuminate\View\View.php(139): Facade\Ignition\Views\Engines\CompilerEngine->get('C:\\Users\\Junaid...', Array)
#8 C:\Users\Junaid Ali\Desktop\www\invest4sale\core\vendor\laravel\framework\src\Illuminate\View\View.php(122): Illuminate\View\View->getContents()
#9 C:\Users\Junaid Ali\Desktop\www\invest4sale\core\vendor\laravel\framework\src\Illuminate\View\View.php(91): Illuminate\View\View->renderContents()
#10 C:\Users\Junaid Ali\Desktop\www\invest4sale\core\vendor\laravel\framework\src\Illuminate\Http\Response.php(69): Illuminate\View\View->render()
#11 C:\Users\Junaid Ali\Desktop\www\invest4sale\core\vendor\laravel\framework\src\Illuminate\Http\Response.php(35): Illuminate\Http\Response->setContent(Object(Illuminate\View\View))
#12 C:\Users\Junaid Ali\Desktop\www\invest4sale\core\vendor\laravel\framework\src\Illuminate\Routing\ResponseFactory.php(55): Illuminate\Http\Response->__construct(Object(Illuminate\View\View), 500, Array)
#13 C:\Users\Junaid Ali\Desktop\www\invest4sale\core\vendor\laravel\framework\src\Illuminate\Routing\ResponseFactory.php(85): Illuminate\Routing\ResponseFactory->make(Object(Illuminate\View\View), 500, Array)
#14 C:\Users\Junaid Ali\Desktop\www\invest4sale\core\vendor\laravel\framework\src\Illuminate\Foundation\Exceptions\Handler.php(585): Illuminate\Routing\ResponseFactory->view('errors::500', Array, 500, Array)
#15 C:\Users\Junaid Ali\Desktop\www\invest4sale\core\vendor\laravel\framework\src\Illuminate\Foundation\Exceptions\Handler.php(490): Illuminate\Foundation\Exceptions\Handler->renderHttpException(Object(Symfony\Component\HttpKernel\Exception\HttpException))
#16 C:\Users\Junaid Ali\Desktop\www\invest4sale\core\vendor\laravel\framework\src\Illuminate\Foundation\Exceptions\Handler.php(356): Illuminate\Foundation\Exceptions\Handler->prepareResponse(Object(Illuminate\Http\Request), Object(Symfony\Component\HttpKernel\Exception\HttpException))
#17 C:\Users\Junaid Ali\Desktop\www\invest4sale\core\vendor\laravel\framework\src\Illuminate\Foundation\Bootstrap\HandleExceptions.php(196): Illuminate\Foundation\Exceptions\Handler->render(Object(Illuminate\Http\Request), Object(Facade\Ignition\Exceptions\ViewException))
#18 C:\Users\Junaid Ali\Desktop\www\invest4sale\core\vendor\laravel\framework\src\Illuminate\Foundation\Bootstrap\HandleExceptions.php(173): Illuminate\Foundation\Bootstrap\HandleExceptions->renderHttpResponse(Object(Facade\Ignition\Exceptions\ViewException))
#19 [internal function]: Illuminate\Foundation\Bootstrap\HandleExceptions->handleException(Object(Facade\Ignition\Exceptions\ViewException))
#20 {main}
  thrown {"exception":"[object] (Symfony\\Component\\ErrorHandler\\Error\\FatalError(code: 0): Uncaught Symfony\\Component\\Routing\\Exception\\RouteNotFoundException: Route [home] not defined. in C:\\Users\\Junaid Ali\\Desktop\\www\\invest4sale\\core\\vendor\\laravel\\framework\\src\\Illuminate\\Routing\\UrlGenerator.php:444
Stack trace:
#0 C:\\Users\\Junaid Ali\\Desktop\\www\\invest4sale\\core\\vendor\\laravel\\framework\\src\\Illuminate\\Foundation\\helpers.php(740): Illuminate\\Routing\\UrlGenerator->route('home', Array, true)
#1 C:\\Users\\Junaid Ali\\Desktop\\www\\invest4sale\\core\\storage\\framework\\views\\82767cdc5bf6464c62a47811bbf8d14dfd827c39.php(43): route('home')
#2 C:\\Users\\Junaid Ali\\Desktop\\www\\invest4sale\\core\\vendor\\laravel\\framework\\src\\Illuminate\\Filesystem\\Filesystem.php(107): require('C:\\\\Users\\\\Junaid...')
#3 C:\\Users\\Junaid Ali\\Desktop\\www\\invest4sale\\core\\vendor\\laravel\\framework\\src\\Illuminate\\Filesystem\\Filesystem.php(108): Illuminate\\Filesystem\\Filesystem::Illuminate\\Filesystem\\{closure}()
#4 C:\\Users\\Junaid Ali\\Desktop\\www\\invest4sale\\core\\vendor\\laravel\\framework\\src\\Illuminate\\View\\Engines\\PhpEngine.php(58): Illuminate\\Filesystem\\Filesystem->getRequire('C:\\\\Users\\\\Junaid...', Array)
#5 C:\\Users\\Junaid Ali\\Desktop\\www\\invest4sale\\core\\vendor\\laravel\\framework\\src\\Illuminate\\View\\Engines\\CompilerEngine.php(61): Illuminate\\View\\Engines\\PhpEngine->evaluatePath('C:\\\\Users\\\\Junaid...', Array)
#6 C:\\Users\\Junaid Ali\\Desktop\\www\\invest4sale\\core\\vendor\\facade\\ignition\\src\\Views\\Engines\\CompilerEngine.php(37): Illuminate\\View\\Engines\\CompilerEngine->get('C:\\\\Users\\\\Junaid...', Array)
#7 C:\\Users\\Junaid Ali\\Desktop\\www\\invest4sale\\core\\vendor\\laravel\\framework\\src\\Illuminate\\View\\View.php(139): Facade\\Ignition\\Views\\Engines\\CompilerEngine->get('C:\\\\Users\\\\Junaid...', Array)
#8 C:\\Users\\Junaid Ali\\Desktop\\www\\invest4sale\\core\\vendor\\laravel\\framework\\src\\Illuminate\\View\\View.php(122): Illuminate\\View\\View->getContents()
#9 C:\\Users\\Junaid Ali\\Desktop\\www\\invest4sale\\core\\vendor\\laravel\\framework\\src\\Illuminate\\View\\View.php(91): Illuminate\\View\\View->renderContents()
#10 C:\\Users\\Junaid Ali\\Desktop\\www\\invest4sale\\core\\vendor\\laravel\\framework\\src\\Illuminate\\Http\\Response.php(69): Illuminate\\View\\View->render()
#11 C:\\Users\\Junaid Ali\\Desktop\\www\\invest4sale\\core\\vendor\\laravel\\framework\\src\\Illuminate\\Http\\Response.php(35): Illuminate\\Http\\Response->setContent(Object(Illuminate\\View\\View))
#12 C:\\Users\\Junaid Ali\\Desktop\\www\\invest4sale\\core\\vendor\\laravel\\framework\\src\\Illuminate\\Routing\\ResponseFactory.php(55): Illuminate\\Http\\Response->__construct(Object(Illuminate\\View\\View), 500, Array)
#13 C:\\Users\\Junaid Ali\\Desktop\\www\\invest4sale\\core\\vendor\\laravel\\framework\\src\\Illuminate\\Routing\\ResponseFactory.php(85): Illuminate\\Routing\\ResponseFactory->make(Object(Illuminate\\View\\View), 500, Array)
#14 C:\\Users\\Junaid Ali\\Desktop\\www\\invest4sale\\core\\vendor\\laravel\\framework\\src\\Illuminate\\Foundation\\Exceptions\\Handler.php(585): Illuminate\\Routing\\ResponseFactory->view('errors::500', Array, 500, Array)
#15 C:\\Users\\Junaid Ali\\Desktop\\www\\invest4sale\\core\\vendor\\laravel\\framework\\src\\Illuminate\\Foundation\\Exceptions\\Handler.php(490): Illuminate\\Foundation\\Exceptions\\Handler->renderHttpException(Object(Symfony\\Component\\HttpKernel\\Exception\\HttpException))
#16 C:\\Users\\Junaid Ali\\Desktop\\www\\invest4sale\\core\\vendor\\laravel\\framework\\src\\Illuminate\\Foundation\\Exceptions\\Handler.php(356): Illuminate\\Foundation\\Exceptions\\Handler->prepareResponse(Object(Illuminate\\Http\\Request), Object(Symfony\\Component\\HttpKernel\\Exception\\HttpException))
#17 C:\\Users\\Junaid Ali\\Desktop\\www\\invest4sale\\core\\vendor\\laravel\\framework\\src\\Illuminate\\Foundation\\Bootstrap\\HandleExceptions.php(196): Illuminate\\Foundation\\Exceptions\\Handler->render(Object(Illuminate\\Http\\Request), Object(Facade\\Ignition\\Exceptions\\ViewException))
#18 C:\\Users\\Junaid Ali\\Desktop\\www\\invest4sale\\core\\vendor\\laravel\\framework\\src\\Illuminate\\Foundation\\Bootstrap\\HandleExceptions.php(173): Illuminate\\Foundation\\Bootstrap\\HandleExceptions->renderHttpResponse(Object(Facade\\Ignition\\Exceptions\\ViewException))
#19 [internal function]: Illuminate\\Foundation\\Bootstrap\\HandleExceptions->handleException(Object(Facade\\Ignition\\Exceptions\\ViewException))
#20 {main}

Next Facade\\Ignition\\Exceptions\\ViewException: Route [home] not defined. (View: C:\\Users\\Junaid Ali\\Desktop\\www\\invest4sale\\core\esources\\views\\errors\\500.blade.php) in C:\\Users\\Junaid Ali\\Desktop\\www\\invest4sale\\core\\vendor\\laravel\\framework\\src\\Illuminate\\Routing\\UrlGenerator.php:444
Stack trace:
#0 C:\\Users\\Junaid Ali\\Desktop\\www\\invest4sale\\core\\vendor\\laravel\\framework\\src\\Illuminate\\Foundation\\helpers.php(740): Illuminate\\Routing\\UrlGenerator->route('home', Array, true)
#1 C:\\Users\\Junaid Ali\\Desktop\\www\\invest4sale\\core\esources\\views/errors/500.blade.php(43): route('home')
#2 C:\\Users\\Junaid Ali\\Desktop\\www\\invest4sale\\core\\vendor\\laravel\\framework\\src\\Illuminate\\Filesystem\\Filesystem.php(107): require('C:\\\\Users\\\\Junaid...')
#3 C:\\Users\\Junaid Ali\\Desktop\\www\\invest4sale\\core\\vendor\\laravel\\framework\\src\\Illuminate\\Filesystem\\Filesystem.php(108): Illuminate\\Filesystem\\Filesystem::Illuminate\\Filesystem\\{closure}()
#4 C:\\Users\\Junaid Ali\\Desktop\\www\\invest4sale\\core\\vendor\\laravel\\framework\\src\\Illuminate\\View\\Engines\\PhpEngine.php(58): Illuminate\\Filesystem\\Filesystem->getRequire('C:\\\\Users\\\\Junaid...', Array)
#5 C:\\Users\\Junaid Ali\\Desktop\\www\\invest4sale\\core\\vendor\\laravel\\framework\\src\\Illuminate\\View\\Engines\\CompilerEngine.php(61): Illuminate\\View\\Engines\\PhpEngine->evaluatePath('C:\\\\Users\\\\Junaid...', Array)
#6 C:\\Users\\Junaid Ali\\Desktop\\www\\invest4sale\\core\\vendor\\facade\\ignition\\src\\Views\\Engines\\CompilerEngine.php(37): Illuminate\\View\\Engines\\CompilerEngine->get('C:\\\\Users\\\\Junaid...', Array)
#7 C:\\Users\\Junaid Ali\\Desktop\\www\\invest4sale\\core\\vendor\\laravel\\framework\\src\\Illuminate\\View\\View.php(139): Facade\\Ignition\\Views\\Engines\\CompilerEngine->get('C:\\\\Users\\\\Junaid...', Array)
#8 C:\\Users\\Junaid Ali\\Desktop\\www\\invest4sale\\core\\vendor\\laravel\\framework\\src\\Illuminate\\View\\View.php(122): Illuminate\\View\\View->getContents()
#9 C:\\Users\\Junaid Ali\\Desktop\\www\\invest4sale\\core\\vendor\\laravel\\framework\\src\\Illuminate\\View\\View.php(91): Illuminate\\View\\View->renderContents()
#10 C:\\Users\\Junaid Ali\\Desktop\\www\\invest4sale\\core\\vendor\\laravel\\framework\\src\\Illuminate\\Http\\Response.php(69): Illuminate\\View\\View->render()
#11 C:\\Users\\Junaid Ali\\Desktop\\www\\invest4sale\\core\\vendor\\laravel\\framework\\src\\Illuminate\\Http\\Response.php(35): Illuminate\\Http\\Response->setContent(Object(Illuminate\\View\\View))
#12 C:\\Users\\Junaid Ali\\Desktop\\www\\invest4sale\\core\\vendor\\laravel\\framework\\src\\Illuminate\\Routing\\ResponseFactory.php(55): Illuminate\\Http\\Response->__construct(Object(Illuminate\\View\\View), 500, Array)
#13 C:\\Users\\Junaid Ali\\Desktop\\www\\invest4sale\\core\\vendor\\laravel\\framework\\src\\Illuminate\\Routing\\ResponseFactory.php(85): Illuminate\\Routing\\ResponseFactory->make(Object(Illuminate\\View\\View), 500, Array)
#14 C:\\Users\\Junaid Ali\\Desktop\\www\\invest4sale\\core\\vendor\\laravel\\framework\\src\\Illuminate\\Foundation\\Exceptions\\Handler.php(585): Illuminate\\Routing\\ResponseFactory->view('errors::500', Array, 500, Array)
#15 C:\\Users\\Junaid Ali\\Desktop\\www\\invest4sale\\core\\vendor\\laravel\\framework\\src\\Illuminate\\Foundation\\Exceptions\\Handler.php(490): Illuminate\\Foundation\\Exceptions\\Handler->renderHttpException(Object(Symfony\\Component\\HttpKernel\\Exception\\HttpException))
#16 C:\\Users\\Junaid Ali\\Desktop\\www\\invest4sale\\core\\vendor\\laravel\\framework\\src\\Illuminate\\Foundation\\Exceptions\\Handler.php(356): Illuminate\\Foundation\\Exceptions\\Handler->prepareResponse(Object(Illuminate\\Http\\Request), Object(Symfony\\Component\\HttpKernel\\Exception\\HttpException))
#17 C:\\Users\\Junaid Ali\\Desktop\\www\\invest4sale\\core\\vendor\\laravel\\framework\\src\\Illuminate\\Foundation\\Bootstrap\\HandleExceptions.php(196): Illuminate\\Foundation\\Exceptions\\Handler->render(Object(Illuminate\\Http\\Request), Object(Facade\\Ignition\\Exceptions\\ViewException))
#18 C:\\Users\\Junaid Ali\\Desktop\\www\\invest4sale\\core\\vendor\\laravel\\framework\\src\\Illuminate\\Foundation\\Bootstrap\\HandleExceptions.php(173): Illuminate\\Foundation\\Bootstrap\\HandleExceptions->renderHttpResponse(Object(Facade\\Ignition\\Exceptions\\ViewException))
#19 [internal function]: Illuminate\\Foundation\\Bootstrap\\HandleExceptions->handleException(Object(Facade\\Ignition\\Exceptions\\ViewException))
#20 {main}
  thrown at C:\\Users\\Junaid Ali\\Desktop\\www\\invest4sale\\core\\vendor\\laravel\\framework\\src\\Illuminate\\Routing\\UrlGenerator.php:444)
[stacktrace]
#0 {main}
"} 
